This is pdfTeX, Version 3.141592653-2.6-1.40.23 (TeX Live 2021/W32TeX) (preloaded format=pdflatex 2021.7.23)  24 OCT 2021 21:51
entering extended mode
 restricted \write18 enabled.
 file:line:error style messages enabled.
 %&-line parsing enabled.
**d:/operatSystem/ass2report/Report.tex
(d:/operatSystem/ass2report/Report.tex
LaTeX2e <2021-06-01> patch level 1
L3 programming layer <2021-07-12> (d:/tex/texlive/2021/texmf-dist/tex/latex/base/article.cls
Document Class: article 2021/02/12 v1.4n Standard LaTeX document class
(d:/tex/texlive/2021/texmf-dist/tex/latex/base/size10.clo
File: size10.clo 2021/02/12 v1.4n Standard LaTeX file (size option)
)
\c@part=\count182
\c@section=\count183
\c@subsection=\count184
\c@subsubsection=\count185
\c@paragraph=\count186
\c@subparagraph=\count187
\c@figure=\count188
\c@table=\count189
\abovecaptionskip=\skip47
\belowcaptionskip=\skip48
\bibindent=\dimen138
) (d:/tex/texlive/2021/texmf-dist/tex/latex/base/inputenc.sty
Package: inputenc 2021/02/14 v1.3d Input encoding file
\inpenc@prehook=\toks16
\inpenc@posthook=\toks17
) (d:/tex/texlive/2021/texmf-dist/tex/latex/amsmath/amsmath.sty
Package: amsmath 2021/04/20 v2.17j AMS math features
\@mathmargin=\skip49

For additional information on amsmath, use the `?' option.
(d:/tex/texlive/2021/texmf-dist/tex/latex/amsmath/amstext.sty
Package: amstext 2000/06/29 v2.01 AMS text
 (d:/tex/texlive/2021/texmf-dist/tex/latex/amsmath/amsgen.sty
File: amsgen.sty 1999/11/30 v2.0 generic functions
\@emptytoks=\toks18
\ex@=\dimen139
)) (d:/tex/texlive/2021/texmf-dist/tex/latex/amsmath/amsbsy.sty
Package: amsbsy 1999/11/29 v1.2d Bold Symbols
\pmbraise@=\dimen140
) (d:/tex/texlive/2021/texmf-dist/tex/latex/amsmath/amsopn.sty
Package: amsopn 2016/03/08 v2.02 operator names
)
\inf@bad=\count190
LaTeX Info: Redefining \frac on input line 234.
\uproot@=\count191
\leftroot@=\count192
LaTeX Info: Redefining \overline on input line 399.
\classnum@=\count193
\DOTSCASE@=\count194
LaTeX Info: Redefining \ldots on input line 496.
LaTeX Info: Redefining \dots on input line 499.
LaTeX Info: Redefining \cdots on input line 620.
\Mathstrutbox@=\box50
\strutbox@=\box51
\big@size=\dimen141
LaTeX Font Info:    Redeclaring font encoding OML on input line 743.
LaTeX Font Info:    Redeclaring font encoding OMS on input line 744.
\macc@depth=\count195
\c@MaxMatrixCols=\count196
\dotsspace@=\muskip16
\c@parentequation=\count197
\dspbrk@lvl=\count198
\tag@help=\toks19
\row@=\count199
\column@=\count266
\maxfields@=\count267
\andhelp@=\toks20
\eqnshift@=\dimen142
\alignsep@=\dimen143
\tagshift@=\dimen144
\tagwidth@=\dimen145
\totwidth@=\dimen146
\lineht@=\dimen147
\@envbody=\toks21
\multlinegap=\skip50
\multlinetaggap=\skip51
\mathdisplay@stack=\toks22
LaTeX Info: Redefining \[ on input line 2923.
LaTeX Info: Redefining \] on input line 2924.
) (d:/tex/texlive/2021/texmf-dist/tex/latex/graphics/color.sty
Package: color 2020/02/24 v1.2b Standard LaTeX Color (DPC)
 (d:/tex/texlive/2021/texmf-dist/tex/latex/graphics-cfg/color.cfg
File: color.cfg 2016/01/02 v1.6 sample color configuration
)
Package color Info: Driver file: pdftex.def on input line 149.
 (d:/tex/texlive/2021/texmf-dist/tex/latex/graphics-def/pdftex.def
File: pdftex.def 2020/10/05 v1.2a Graphics/color driver for pdftex
)) (d:/tex/texlive/2021/texmf-dist/tex/latex/graphics/graphicx.sty
Package: graphicx 2020/12/05 v1.2c Enhanced LaTeX Graphics (DPC,SPQR)
 (d:/tex/texlive/2021/texmf-dist/tex/latex/graphics/keyval.sty
Package: keyval 2014/10/28 v1.15 key=value parser (DPC)
\KV@toks@=\toks23
) (d:/tex/texlive/2021/texmf-dist/tex/latex/graphics/graphics.sty
Package: graphics 2021/03/04 v1.4d Standard LaTeX Graphics (DPC,SPQR)
 (d:/tex/texlive/2021/texmf-dist/tex/latex/graphics/trig.sty
Package: trig 2016/01/03 v1.10 sin cos tan (DPC)
) (d:/tex/texlive/2021/texmf-dist/tex/latex/graphics-cfg/graphics.cfg
File: graphics.cfg 2016/06/04 v1.11 sample graphics configuration
)
Package graphics Info: Driver file: pdftex.def on input line 107.
)
\Gin@req@height=\dimen148
\Gin@req@width=\dimen149
) (d:/tex/texlive/2021/texmf-dist/tex/latex/cases/cases.sty
Package: cases 2020/03/29 ver 3.2
\numc@numwid=\dimen150
) (d:/tex/texlive/2021/texmf-dist/tex/latex/l3backend/l3backend-pdftex.def
File: l3backend-pdftex.def 2021-07-12 L3 backend support: PDF output (pdfTeX)
\l__color_backend_stack_int=\count268
\l__pdf_internal_box=\box52
) (./Report.aux)
\openout1 = `Report.aux'.

LaTeX Font Info:    Checking defaults for OML/cmm/m/it on input line 11.
LaTeX Font Info:    ... okay on input line 11.
LaTeX Font Info:    Checking defaults for OMS/cmsy/m/n on input line 11.
LaTeX Font Info:    ... okay on input line 11.
LaTeX Font Info:    Checking defaults for OT1/cmr/m/n on input line 11.
LaTeX Font Info:    ... okay on input line 11.
LaTeX Font Info:    Checking defaults for T1/cmr/m/n on input line 11.
LaTeX Font Info:    ... okay on input line 11.
LaTeX Font Info:    Checking defaults for TS1/cmr/m/n on input line 11.
LaTeX Font Info:    ... okay on input line 11.
LaTeX Font Info:    Checking defaults for OMX/cmex/m/n on input line 11.
LaTeX Font Info:    ... okay on input line 11.
LaTeX Font Info:    Checking defaults for U/cmr/m/n on input line 11.
LaTeX Font Info:    ... okay on input line 11.
 (d:/tex/texlive/2021/texmf-dist/tex/context/base/mkii/supp-pdf.mkii
[Loading MPS to PDF converter (version 2006.09.02).]
\scratchcounter=\count269
\scratchdimen=\dimen151
\scratchbox=\box53
\nofMPsegments=\count270
\nofMParguments=\count271
\everyMPshowfont=\toks24
\MPscratchCnt=\count272
\MPscratchDim=\dimen152
\MPnumerator=\count273
\makeMPintoPDFobject=\count274
\everyMPtoPDFconversion=\toks25
) (d:/tex/texlive/2021/texmf-dist/tex/latex/epstopdf-pkg/epstopdf-base.sty
Package: epstopdf-base 2020-01-24 v2.11 Base part for package epstopdf
Package epstopdf-base Info: Redefining graphics rule for `.eps' on input line 485.
 (d:/tex/texlive/2021/texmf-dist/tex/latex/latexconfig/epstopdf-sys.cfg
File: epstopdf-sys.cfg 2010/07/13 v1.3 Configuration of (r)epstopdf for TeX Live
))
<Linux.png, id=1, 252.19218pt x 32.37094pt>
File: Linux.png Graphic file (type png)
<use Linux.png>
Package pdftex.def Info: Linux.png  used on input line 19.
(pdftex.def)             Requested size: 252.19156pt x 32.37085pt.
<GCC.png, id=3, 516.42938pt x 79.04532pt>
File: GCC.png Graphic file (type png)
<use GCC.png>
Package pdftex.def Info: GCC.png  used on input line 24.
(pdftex.def)             Requested size: 516.42812pt x 79.0451pt.

Overfull \hbox (171.42812pt too wide) in paragraph at lines 24--25
 [][] 
 []

<logset.png, id=4, 645.16031pt x 168.63pt>
File: logset.png Graphic file (type png)
<use logset.png>
Package pdftex.def Info: logset.png  used on input line 41.
(pdftex.def)             Requested size: 276.00105pt x 72.13895pt.
[1

{d:/tex/texlive/2021/texmf-var/fonts/map/pdftex/updmap/pdftex.map} <./Linux.png> <./GCC.png>]
<logmove.png, id=16, 564.60938pt x 222.8325pt>
File: logmove.png Graphic file (type png)
<use logmove.png>
Package pdftex.def Info: logmove.png  used on input line 51.
(pdftex.def)             Requested size: 276.00105pt x 108.93047pt.

Overfull \hbox (0.29689pt too wide) in paragraph at lines 55--63
\OT1/cmr/m/n/10 3. to make the multi-thread pro-cess ac-com-plish syn-chro-niza-tion be-tween threads
 []

<kb.png, id=17, 679.03688pt x 370.38374pt>
File: kb.png Graphic file (type png)
<use kb.png>
Package pdftex.def Info: kb.png  used on input line 69.
(pdftex.def)             Requested size: 276.00105pt x 150.54149pt.
[2 <./logset.png> <./logmove.png>]
<status.png, id=23, 283.0575pt x 343.2825pt>
File: status.png Graphic file (type png)
<use status.png>
Package pdftex.def Info: status.png  used on input line 79.
(pdftex.def)             Requested size: 276.02528pt x 172.49986pt.
 [3 <./kb.png> <./status.png>]
<print.png, id=29, 374.14781pt x 217.5628pt>
File: print.png Graphic file (type png)
<use print.png>
Package pdftex.def Info: print.png  used on input line 85.
(pdftex.def)             Requested size: 276.00105pt x 160.49931pt.
File: logset.png Graphic file (type png)
<use logset.png>
Package pdftex.def Info: logset.png  used on input line 94.
(pdftex.def)             Requested size: 276.00105pt x 72.13895pt.
<speed.png, id=30, 366.36874pt x 111.41624pt>
File: speed.png Graphic file (type png)
<use speed.png>
Package pdftex.def Info: speed.png  used on input line 104.
(pdftex.def)             Requested size: 276.00105pt x 83.93939pt.
 [4

 <./print.png> <./speed.png>]
<inter.png, id=36, 361.35pt x 191.71625pt>
File: inter.png Graphic file (type png)
<use inter.png>
Package pdftex.def Info: inter.png  used on input line 115.
(pdftex.def)             Requested size: 276.00105pt x 146.43427pt.
<win.png, id=37, 322.70563pt x 75.78313pt>
File: win.png Graphic file (type png)
<use win.png>
Package pdftex.def Info: win.png  used on input line 121.
(pdftex.def)             Requested size: 276.00105pt x 64.81836pt.
 [5 <./inter.png> <./win.png>]
<lose.png, id=43, 256.45813pt x 66.74937pt>
File: lose.png Graphic file (type png)
<use lose.png>
Package pdftex.def Info: lose.png  used on input line 128.
(pdftex.def)             Requested size: 276.00105pt x 71.84073pt.
<quit.png, id=44, 282.05376pt x 75.78313pt>
File: quit.png Graphic file (type png)
<use quit.png>
Package pdftex.def Info: quit.png  used on input line 135.
(pdftex.def)             Requested size: 276.00105pt x 74.16171pt.
<quick.png, id=45, 325.71687pt x 182.6825pt>
File: quick.png Graphic file (type png)
<use quick.png>
Package pdftex.def Info: quick.png  used on input line 142.
(pdftex.def)             Requested size: 276.00105pt x 154.80975pt.
 [6

 <./lose.png> <./quit.png> <./quick.png>] [7] (./Report.aux) ) 
Here is how much of TeX's memory you used:
 2063 strings out of 478542
 29097 string characters out of 5852398
 330617 words of memory out of 5000000
 19996 multiletter control sequences out of 15000+600000
 408505 words of font info for 45 fonts, out of 8000000 for 9000
 1141 hyphenation exceptions out of 8191
 57i,7n,66p,494b,242s stack positions out of 5000i,500n,10000p,200000b,80000s
<d:/tex/texlive/2021/texmf-dist/fonts/type1/public/amsfonts/cm/cmbx12.pfb><d:/tex/texlive/2021/texmf-dist/fonts/type1/public/amsfonts/cm/cmmi10.pfb><d:/tex/texlive/2021/texmf-dist/fonts/type1/public/amsfonts/cm/cmr10.pfb><d:/tex/texlive/2021/texmf-dist/fonts/type1/public/amsfonts/cm/cmr12.pfb><d:/tex/texlive/2021/texmf-dist/fonts/type1/public/amsfonts/cm/cmr17.pfb>
Output written on Report.pdf (7 pages, 308782 bytes).
PDF statistics:
 80 PDF objects out of 1000 (max. 8388607)
 34 compressed objects within 1 object stream
 0 named destinations out of 1000 (max. 500000)
 66 words of extra memory for PDF output out of 10000 (max. 10000000)

